<?xml version="1.0" encoding="UTF-8"?>
<!-- Generated by org.testng.reporters.JUnitReportReporter -->
<testsuite hostname="DESKTOP-77EIP0B" failures="0" tests="2" name="Academy.HomePage" time="8.748" errors="0" timestamp="2021-12-15T00:23:05 IST" skipped="0">
  <testcase classname="Academy.HomePage" name="basePageNavigation" time="2.707"/>
  <system-out/>
  <testcase classname="Academy.HomePage" name="basePageNavigation" time="6.041"/>
  <system-out/>
</testsuite> <!-- Academy.HomePage -->
