<?xml version="1.0" encoding="UTF-8"?>
<!-- Generated by org.testng.reporters.JUnitReportReporter -->
<testsuite hostname="DESKTOP-77EIP0B" failures="0" tests="2" name="Academy.HomePage" time="8.656" errors="0" timestamp="2021-12-15T00:34:14 IST" skipped="0">
  <testcase classname="Academy.HomePage" name="basePageNavigation" time="5.663"/>
  <system-out/>
  <testcase classname="Academy.HomePage" name="basePageNavigation" time="2.993"/>
  <system-out/>
</testsuite> <!-- Academy.HomePage -->
