<?xml version="1.0" encoding="UTF-8"?>
<!-- Generated by org.testng.reporters.JUnitReportReporter -->
<testsuite hostname="DESKTOP-77EIP0B" failures="0" tests="1" name="Academy.validateNavigationBar" time="0.929" errors="0" timestamp="2021-12-15T00:34:14 IST" skipped="0">
  <testcase classname="Academy.validateNavigationBar" name="basePageNavigation" time="0.929"/>
  <system-out/>
</testsuite> <!-- Academy.validateNavigationBar -->
